<?xml version="1.0" encoding="UTF-8"?>
<!-- Generated by org.testng.reporters.JUnitReportReporter -->
<testsuite hostname="DESKTOP-G03COOK" failures="0" tests="3" name="tests.NumadicTestSuite" time="37.993" errors="0" timestamp="2022-09-18T21:46:38 IST" skipped="0">
  <testcase classname="tests.NumadicTestSuite" name="validateLofinToCrewBtn" time="0.065"/>
  <system-out/>
  <testcase classname="tests.NumadicTestSuite" name="aaplyingForQARole" time="3.879"/>
  <system-out/>
  <testcase classname="tests.NumadicTestSuite" name="checkingValidationsUnderPersonalDetails" time="34.049"/>
  <system-out/>
</testsuite> <!-- tests.NumadicTestSuite -->
