<?xml version="1.0" encoding="UTF-8"?>
<!-- Generated by org.testng.reporters.JUnitReportReporter -->
<testsuite hostname="DESKTOP-G03COOK" failures="0" tests="3" name="tests.NumadicTestSuite" time="38.488" errors="0" timestamp="2022-09-17T23:49:58 IST" skipped="0">
  <testcase classname="tests.NumadicTestSuite" name="validateLofinToCrewBtn" time="0.136"/>
  <system-out/>
  <testcase classname="tests.NumadicTestSuite" name="aaplyingForQARole" time="3.926"/>
  <system-out/>
  <testcase classname="tests.NumadicTestSuite" name="checkingValidationsUnderPersonalDetails" time="34.426"/>
  <system-out/>
</testsuite> <!-- tests.NumadicTestSuite -->
