<?xml version="1.0" encoding="UTF-8"?>
<!-- Generated by org.testng.reporters.JUnitReportReporter -->
<testsuite hostname="DESKTOP-G03COOK" failures="0" tests="4" name="tests.testcase01" time="19.385" errors="0" timestamp="2022-09-17T14:40:20 IST" skipped="0">
  <testcase classname="tests.testcase01" name="testCase01" time="0.154"/>
  <system-out/>
  <testcase classname="tests.testcase01" name="testCase02" time="18.254"/>
  <system-out/>
  <testcase classname="tests.testcase01" name="testcase03" time="0.523"/>
  <system-out/>
  <testcase classname="tests.testcase01" name="testcase03" time="0.454"/>
  <system-out/>
</testsuite> <!-- tests.testcase01 -->
