<?xml version="1.0" encoding="UTF-8"?>
<!-- Generated by org.testng.reporters.JUnitReportReporter -->
<testsuite hostname="DESKTOP-G03COOK" failures="0" tests="3" name="tests.Testcases" time="51.163" errors="0" timestamp="2022-09-17T23:12:46 IST" skipped="0">
  <testcase classname="tests.Testcases" name="testCase01" time="0.093"/>
  <system-out/>
  <testcase classname="tests.Testcases" name="testCase02" time="19.107"/>
  <system-out/>
  <testcase classname="tests.Testcases" name="testcase03" time="31.963"/>
  <system-out/>
</testsuite> <!-- tests.Testcases -->
